# JRE version: Java(TM) SE Runtime Environment (8.0_91-b15) (build 1.8.0_91-b15)
# Java VM: Java HotSpot(TM) 64-Bit Server VM (25.91-b15 mixed mode windows-amd64 compressed oops)
Heap:
 PSYoungGen      total 57856K, used 10714K [0x0000000780b80000, 0x0000000785080000, 0x00000007c0000000)
  eden space 47104K, 5% used [0x0000000780b80000,0x0000000780e3e8d0,0x0000000783980000)
  from space 10752K, 73% used [0x0000000784600000,0x0000000784db8050,0x0000000785080000)
  to   space 11776K, 0% used [0x0000000783980000,0x0000000783980000,0x0000000784500000)
 ParOldGen       total 130048K, used 9602K [0x0000000702200000, 0x000000070a100000, 0x0000000780b80000)
  object space 130048K, 7% used [0x0000000702200000,0x0000000702b60b08,0x000000070a100000)
 Metaspace       used 17682K, capacity 18118K, committed 18432K, reserved 1064960K
  class space    used 2085K, capacity 2201K, committed 2304K, reserved 1048576K
GC Heap History (10 events):
Event: 3.647 GC heap before
{Heap before GC invocations=2 (full 0):
 PSYoungGen      total 56832K, used 56829K [0x0000000780b80000, 0x0000000784a80000, 0x00000007c0000000)
  eden space 49152K, 100% used [0x0000000780b80000,0x0000000783b80000,0x0000000783b80000)
  from space 7680K, 99% used [0x0000000783b80000,0x00000007842ff458,0x0000000784300000)
  to   space 7680K, 0% used [0x0000000784300000,0x0000000784300000,0x0000000784a80000)
 ParOldGen       total 130048K, used 496K [0x0000000702200000, 0x000000070a100000, 0x0000000780b80000)
  object space 130048K, 0% used [0x0000000702200000,0x000000070227c368,0x000000070a100000)
 Metaspace       used 14948K, capacity 15246K, committed 15488K, reserved 1062912K
  class space    used 1828K, capacity 1911K, committed 1920K, reserved 1048576K
Event: 3.671 GC heap after
Heap after GC invocations=2 (full 0):
 PSYoungGen      total 56832K, used 7650K [0x0000000780b80000, 0x0000000784a80000, 0x00000007c0000000)
  eden space 49152K, 0% used [0x0000000780b80000,0x0000000780b80000,0x0000000783b80000)
  from space 7680K, 99% used [0x0000000784300000,0x0000000784a78980,0x0000000784a80000)
  to   space 7680K, 0% used [0x0000000783b80000,0x0000000783b80000,0x0000000784300000)
 ParOldGen       total 130048K, used 3037K [0x0000000702200000, 0x000000070a100000, 0x0000000780b80000)
  object space 130048K, 2% used [0x0000000702200000,0x00000007024f74e8,0x000000070a100000)
 Metaspace       used 14948K, capacity 15246K, committed 15488K, reserved 1062912K
  class space    used 1828K, capacity 1911K, committed 1920K, reserved 1048576K
}
Event: 22.656 GC heap before
{Heap before GC invocations=3 (full 0):
 PSYoungGen      total 56832K, used 56802K [0x0000000780b80000, 0x0000000784a80000, 0x00000007c0000000)
  eden space 49152K, 100% used [0x0000000780b80000,0x0000000783b80000,0x0000000783b80000)
  from space 7680K, 99% used [0x0000000784300000,0x0000000784a78980,0x0000000784a80000)
  to   space 7680K, 0% used [0x0000000783b80000,0x0000000783b80000,0x0000000784300000)
 ParOldGen       total 130048K, used 3037K [0x0000000702200000, 0x000000070a100000, 0x0000000780b80000)
  object space 130048K, 2% used [0x0000000702200000,0x00000007024f74e8,0x000000070a100000)
 Metaspace       used 15348K, capacity 15646K, committed 15872K, reserved 1062912K
  class space    used 1837K, capacity 1951K, committed 2048K, reserved 1048576K
Event: 22.667 GC heap after
Heap after GC invocations=3 (full 0):
 PSYoungGen      total 56832K, used 7648K [0x0000000780b80000, 0x0000000784a80000, 0x00000007c0000000)
  eden space 49152K, 0% used [0x0000000780b80000,0x0000000780b80000,0x0000000783b80000)
  from space 7680K, 99% used [0x0000000783b80000,0x00000007842f8030,0x0000000784300000)
  to   space 7680K, 0% used [0x0000000784300000,0x0000000784300000,0x0000000784a80000)
 ParOldGen       total 130048K, used 5053K [0x0000000702200000, 0x000000070a100000, 0x0000000780b80000)
  object space 130048K, 3% used [0x0000000702200000,0x00000007026ef4e8,0x000000070a100000)
 Metaspace       used 15348K, capacity 15646K, committed 15872K, reserved 1062912K
  class space    used 1837K, capacity 1951K, committed 2048K, reserved 1048576K
}
Event: 50.137 GC heap before
{Heap before GC invocations=4 (full 0):
 PSYoungGen      total 56832K, used 56800K [0x0000000780b80000, 0x0000000784a80000, 0x00000007c0000000)
  eden space 49152K, 100% used [0x0000000780b80000,0x0000000783b80000,0x0000000783b80000)
  from space 7680K, 99% used [0x0000000783b80000,0x00000007842f8030,0x0000000784300000)
  to   space 7680K, 0% used [0x0000000784300000,0x0000000784300000,0x0000000784a80000)
 ParOldGen       total 130048K, used 5053K [0x0000000702200000, 0x000000070a100000, 0x0000000780b80000)
  object space 130048K, 3% used [0x0000000702200000,0x00000007026ef4e8,0x000000070a100000)
 Metaspace       used 16350K, capacity 16770K, committed 16896K, reserved 1064960K
  class space    used 1933K, capacity 2025K, committed 2048K, reserved 1048576K
Event: 50.145 GC heap after
Heap after GC invocations=4 (full 0):
 PSYoungGen      total 56832K, used 7648K [0x0000000780b80000, 0x0000000784a80000, 0x00000007c0000000)
  eden space 49152K, 0% used [0x0000000780b80000,0x0000000780b80000,0x0000000783b80000)
  from space 7680K, 99% used [0x0000000784300000,0x0000000784a78050,0x0000000784a80000)
  to   space 7680K, 0% used [0x0000000783b80000,0x0000000783b80000,0x0000000784300000)
 ParOldGen       total 130048K, used 8161K [0x0000000702200000, 0x000000070a100000, 0x0000000780b80000)
  object space 130048K, 6% used [0x0000000702200000,0x00000007029f8740,0x000000070a100000)
 Metaspace       used 16350K, capacity 16770K, committed 16896K, reserved 1064960K
  class space    used 1933K, capacity 2025K, committed 2048K, reserved 1048576K
}
Event: 54.493 GC heap before
{Heap before GC invocations=5 (full 0):
 PSYoungGen      total 56832K, used 56800K [0x0000000780b80000, 0x0000000784a80000, 0x00000007c0000000)
  eden space 49152K, 100% used [0x0000000780b80000,0x0000000783b80000,0x0000000783b80000)
  from space 7680K, 99% used [0x0000000784300000,0x0000000784a78050,0x0000000784a80000)
  to   space 7680K, 0% used [0x0000000783b80000,0x0000000783b80000,0x0000000784300000)
 ParOldGen       total 130048K, used 8161K [0x0000000702200000, 0x000000070a100000, 0x0000000780b80000)
  object space 130048K, 6% used [0x0000000702200000,0x00000007029f8740,0x000000070a100000)
 Metaspace       used 16770K, capacity 17202K, committed 17536K, reserved 1064960K
  class space    used 1963K, capacity 2065K, committed 2176K, reserved 1048576K
Event: 54.501 GC heap after
Heap after GC invocations=5 (full 0):
 PSYoungGen      total 55808K, used 7656K [0x0000000780b80000, 0x0000000785180000, 0x00000007c0000000)
  eden space 48128K, 0% used [0x0000000780b80000,0x0000000780b80000,0x0000000783a80000)
  from space 7680K, 99% used [0x0000000783b80000,0x00000007842fa050,0x0000000784300000)
  to   space 11776K, 0% used [0x0000000784600000,0x0000000784600000,0x0000000785180000)
 ParOldGen       total 130048K, used 9602K [0x0000000702200000, 0x000000070a100000, 0x0000000780b80000)
  object space 130048K, 7% used [0x0000000702200000,0x0000000702b60b08,0x000000070a100000)
 Metaspace       used 16770K, capacity 17202K, committed 17536K, reserved 1064960K
  class space    used 1963K, capacity 2065K, committed 2176K, reserved 1048576K
}
Event: 61.855 GC heap before
{Heap before GC invocations=6 (full 0):
 PSYoungGen      total 55808K, used 55784K [0x0000000780b80000, 0x0000000785180000, 0x00000007c0000000)
  eden space 48128K, 100% used [0x0000000780b80000,0x0000000783a80000,0x0000000783a80000)
  from space 7680K, 99% used [0x0000000783b80000,0x00000007842fa050,0x0000000784300000)
  to   space 11776K, 0% used [0x0000000784600000,0x0000000784600000,0x0000000785180000)
 ParOldGen       total 130048K, used 9602K [0x0000000702200000, 0x000000070a100000, 0x0000000780b80000)
  object space 130048K, 7% used [0x0000000702200000,0x0000000702b60b08,0x000000070a100000)
 Metaspace       used 16867K, capacity 17330K, committed 17536K, reserved 1064960K
  class space    used 1969K, capacity 2065K, committed 2176K, reserved 1048576K
Event: 61.870 GC heap after
Heap after GC invocations=6 (full 0):
 PSYoungGen      total 57856K, used 7904K [0x0000000780b80000, 0x0000000785080000, 0x00000007c0000000)
  eden space 47104K, 0% used [0x0000000780b80000,0x0000000780b80000,0x0000000783980000)
  from space 10752K, 73% used [0x0000000784600000,0x0000000784db8050,0x0000000785080000)
  to   space 11776K, 0% used [0x0000000783980000,0x0000000783980000,0x0000000784500000)
 ParOldGen       total 130048K, used 9602K [0x0000000702200000, 0x000000070a100000, 0x0000000780b80000)
  object space 130048K, 7% used [0x0000000702200000,0x0000000702b60b08,0x000000070a100000)
 Metaspace       used 16867K, capacity 17330K, committed 17536K, reserved 1064960K
  class space    used 1969K, capacity 2065K, committed 2176K, reserved 1048576K
}

